# JRE version: OpenJDK Runtime Environment Temurin-11.0.14.1+1 (11.0.14.1+1) (build 11.0.14.1+1)
# Java VM: OpenJDK 64-Bit Server VM Temurin-11.0.14.1+1 (11.0.14.1+1, mixed mode, tiered, compressed oops, g1 gc, windows-amd64)
Heap:
 garbage-first heap   total 122880K, used 8118K [0x0000000088800000, 0x0000000100000000)
  region size 1024K, 5 young (5120K), 2 survivors (2048K)
 Metaspace       used 16072K, capacity 16359K, committed 16640K, reserved 1064960K
  class space    used 1580K, capacity 1702K, committed 1792K, reserved 1048576K
GC Heap History (6 events):
Event: 2.116 GC heap before
{Heap before GC invocations=0 (full 0):
 garbage-first heap   total 122880K, used 6144K [0x0000000088800000, 0x0000000100000000)
  region size 1024K, 7 young (7168K), 0 survivors (0K)
 Metaspace       used 7681K, capacity 7817K, committed 7936K, reserved 1056768K
  class space    used 661K, capacity 708K, committed 768K, reserved 1048576K
}
Event: 2.139 GC heap after
{Heap after GC invocations=1 (full 0):
 garbage-first heap   total 122880K, used 3645K [0x0000000088800000, 0x0000000100000000)
  region size 1024K, 1 young (1024K), 1 survivors (1024K)
 Metaspace       used 7681K, capacity 7817K, committed 7936K, reserved 1056768K
  class space    used 661K, capacity 708K, committed 768K, reserved 1048576K
}
Event: 4.355 GC heap before
{Heap before GC invocations=1 (full 0):
 garbage-first heap   total 122880K, used 7741K [0x0000000088800000, 0x0000000100000000)
  region size 1024K, 6 young (6144K), 1 survivors (1024K)
 Metaspace       used 11622K, capacity 11805K, committed 12032K, reserved 1060864K
  class space    used 1101K, capacity 1189K, committed 1280K, reserved 1048576K
}
Event: 4.364 GC heap after
{Heap after GC invocations=2 (full 0):
 garbage-first heap   total 122880K, used 4533K [0x0000000088800000, 0x0000000100000000)
  region size 1024K, 1 young (1024K), 1 survivors (1024K)
 Metaspace       used 11622K, capacity 11805K, committed 12032K, reserved 1060864K
  class space    used 1101K, capacity 1189K, committed 1280K, reserved 1048576K
}
Event: 5.700 GC heap before
{Heap before GC invocations=2 (full 0):
 garbage-first heap   total 122880K, used 15797K [0x0000000088800000, 0x0000000100000000)
  region size 1024K, 12 young (12288K), 1 survivors (1024K)
 Metaspace       used 15027K, capacity 15290K, committed 15488K, reserved 1062912K
  class space    used 1450K, capacity 1558K, committed 1664K, reserved 1048576K
}
Event: 5.709 GC heap after
{Heap after GC invocations=3 (full 0):
 garbage-first heap   total 122880K, used 6070K [0x0000000088800000, 0x0000000100000000)
  region size 1024K, 2 young (2048K), 2 survivors (2048K)
 Metaspace       used 15027K, capacity 15290K, committed 15488K, reserved 1062912K
  class space    used 1450K, capacity 1558K, committed 1664K, reserved 1048576K
}

